Feb 12, 2013 9:41:55 PM facerecognition.javafaces.FaceRec checkCache
INFO: cache file not found
Feb 12, 2013 9:41:56 PM facerecognition.javafaces.FaceRec checkImageDimensions
SEVERE: all images should have same dimensions! /Users/bhatt/Downloads/facebook report - Wolfram_Alpha-1.png is of diff size
Feb 12, 2013 9:46:50 PM facerecognition.javafaces.FaceRec checkCache
INFO: cache file not found
Feb 12, 2013 9:46:50 PM facerecognition.javafaces.FaceRec createEigenFaceImages
INFO: creating eigenfaces
Feb 12, 2013 9:46:50 PM facerecognition.javafaces.FaceRec createEigenFaceImages
INFO: created eigenfaces.
Feb 12, 2013 9:46:50 PM facerecognition.javafaces.FaceRec writeCache
INFO: wrote cache
Feb 12, 2013 9:46:51 PM facerecognition.javafaces.FaceRec reconstructFaces
INFO: reconstruction over
Feb 12, 2013 9:47:52 PM facerecognition.javafaces.FaceRec checkCache
INFO: cache file not found
Feb 12, 2013 9:47:52 PM facerecognition.javafaces.FaceRec createEigenFaceImages
INFO: creating eigenfaces
Feb 12, 2013 9:47:52 PM facerecognition.javafaces.FaceRec createEigenFaceImages
INFO: created eigenfaces.
Feb 12, 2013 9:47:52 PM facerecognition.javafaces.FaceRec writeCache
INFO: wrote cache
Feb 12, 2013 9:47:53 PM facerecognition.javafaces.FaceRec reconstructFaces
INFO: reconstruction over
Feb 12, 2013 9:47:54 PM facerecognition.javafaces.FaceRec reconstructFaces
INFO: reconstruction over
